<?xml version="1.0" encoding="utf-8"?><testsuites name="pytest tests"><testsuite name="pytest" errors="0" failures="0" skipped="0" tests="21" time="2.893" timestamp="2026-09-02T07:31:26.220046+00:00" hostname="agent-env-25d82aeb-8b60-4aaf-8283-a225b13b7a45"><testcase classname="tests.backend_test.TestValidation" name="test_non_image_rejected" time="1.400" /><testcase classname="tests.backend_test.TestValidation" name="test_missing_file" time="0.088" /><testcase classname="tests.backend_test.TestAnalyze" name="test_response_shape" time="1.471" /><testcase classname="tests.backend_test.TestAnalyze" name="test_no_mongo_id_leak" time="0.000" /><testcase classname="tests.backend_test.TestAnalyze" name="test_sane_counts" time="0.000" /><testcase classname="tests.backend_test.TestAnalyze" name="test_walls_in_review_range" time="0.000" /><testcase classname="tests.backend_test.TestAnalyze" name="test_rooms_at_least_two" time="0.000" /><testcase classname="tests.backend_test.TestAnalyze" name="test_door_detected" time="0.000" /><testcase classname="tests.backend_test.TestAnalyze" name="test_openings_snapped_to_walls" time="0.000" /><testcase classname="tests.backend_test.TestAnalyze" name="test_stairs_key_present" time="0.000" /><testcase classname="tests.backend_test.TestAnalyze" name="test_wall_geometry" time="0.000" /><testcase classname="tests.backend_test.TestAnalyze" name="test_room_fields" time="0.000" /><testcase classname="tests.backend_test.TestAnalyze" name="test_room_labels_from_ocr" time="0.000" /><testcase classname="tests.backend_test.TestAnalyze" name="test_debug_stages" time="0.000" /><testcase classname="tests.backend_test.TestAnalyze" name="test_defaults_and_scale" time="0.000" /><testcase classname="tests.backend_test.TestPersistence" name="test_get_by_id" time="0.169" /><testcase classname="tests.backend_test.TestValidation" name="test_empty_image" time="0.079" /><testcase classname="tests.backend_test.TestValidation" name="test_corrupt_image" time="0.169" /><testcase classname="tests.backend_test.TestPersistence" name="test_get_unknown_id_404" time="0.105" /><testcase classname="tests.backend_test.TestHealth" name="test_root" time="0.072" /><testcase classname="tests.backend_test.TestPersistence" name="test_list" time="0.102" /></testsuite></testsuites>