<?xml version="1.0" encoding="utf-8"?><testsuites name="pytest tests"><testsuite name="pytest" errors="0" failures="0" skipped="0" tests="16" time="2.574" timestamp="2026-09-02T07:02:01.914570+00:00" hostname="agent-env-25d82aeb-8b60-4aaf-8283-a225b13b7a45"><testcase classname="tests.backend_test.TestValidation" name="test_non_image_rejected" time="0.273" /><testcase classname="tests.backend_test.TestValidation" name="test_missing_file" time="0.431" /><testcase classname="tests.backend_test.TestValidation" name="test_empty_image" time="0.073" /><testcase classname="tests.backend_test.TestAnalyze" name="test_response_shape" time="0.744" /><testcase classname="tests.backend_test.TestAnalyze" name="test_no_mongo_id_leak" time="0.000" /><testcase classname="tests.backend_test.TestAnalyze" name="test_sane_counts" time="0.000" /><testcase classname="tests.backend_test.TestAnalyze" name="test_wall_geometry" time="0.000" /><testcase classname="tests.backend_test.TestAnalyze" name="test_room_fields" time="0.000" /><testcase classname="tests.backend_test.TestAnalyze" name="test_room_labels_from_ocr" time="0.000" /><testcase classname="tests.backend_test.TestAnalyze" name="test_debug_stages" time="0.000" /><testcase classname="tests.backend_test.TestAnalyze" name="test_defaults_and_scale" time="0.000" /><testcase classname="tests.backend_test.TestHealth" name="test_root" time="0.084" /><testcase classname="tests.backend_test.TestValidation" name="test_corrupt_image" time="0.114" /><testcase classname="tests.backend_test.TestPersistence" name="test_get_by_id" time="0.473" /><testcase classname="tests.backend_test.TestPersistence" name="test_get_unknown_id_404" time="0.069" /><testcase classname="tests.backend_test.TestPersistence" name="test_list" time="0.071" /></testsuite></testsuites>